938513000 1 264719034 16 0
938523000 1 264719034 16 0
938533000 1 264719034 16 0
938543000 1 264719034 16 0
938553000 1 264719034 16 0
938563000 1 264719034 16 0
938573000 1 264719034 16 0
938583000 1 264719034 16 0
938593000 1 264719034 16 0
938613000 1 264719034 16 0
938623000 1 264719034 16 0
938633000 1 264719034 16 0
938643000 1 264719034 16 0
938653000 1 264719034 16 0
938663000 1 264719034 16 0
938673000 1 264719034 16 0
938683000 1 264719034 16 0
938693000 1 264719034 16 0
938703000 1 264719034 16 0
938713000 1 264719034 16 0